"../../../Engine/Content/Animation/DefaultAnimBoneCompressionSettings.uasset" 0
"../../../Engine/Content/Animation/DefaultAnimCurveCompressionSettings.uasset" 1
"../../../Engine/Content/EngineMaterials/T_Default_Material_Grid_N.uasset" 2
"../../../Engine/Content/EngineMaterials/T_Default_Material_Grid_M.uasset" 3
"../../../Engine/Content/Functions/Engine_MaterialFunctions01/Opacity/CameraDepthFade.uasset" 4
"../../../Engine/Content/EngineMaterials/WorldGridMaterial.uasset" 5
"../../../Engine/Content/ArtTools/RenderToTexture/Meshes/S_1_Unit_Plane.uasset" 6
"../../../Engine/Content/EngineMaterials/DefaultMaterial.uasset" 7
"../../../Engine/Content/BasicShapes/Cone.uasset" 8
"../../../Engine/Content/BasicShapes/Cube.uasset" 9
"../../../Engine/Content/BasicShapes/Plane.uasset" 10
"../../../Engine/Content/BasicShapes/Sphere.uasset" 11
"../../../Engine/Content/EngineMaterials/DefaultPhysicalMaterial.uasset" 12
"../../../Engine/Content/BufferVisualization/AmbientOcclusion.uasset" 13
"../../../Engine/Content/Functions/Engine_MaterialFunctions02/Utility/AppendMany.uasset" 14
"../../../Engine/Content/BufferVisualization/Anisotropy.uasset" 15
"../../../Engine/Content/BufferVisualization/BaseColor.uasset" 16
"../../../Engine/Content/BufferVisualization/CustomDepth.uasset" 17
"../../../Engine/Content/Functions/Engine_MaterialFunctions02/Utility/VectorLength.uasset" 18
"../../../Engine/Content/BufferVisualization/CustomDepthWorldUnits.uasset" 19
"../../../Engine/Content/EngineMaterials/MiniFont.uasset" 20
"../../../Engine/Content/Functions/Engine_MaterialFunctions02/Utility/MakeFloat3.uasset" 21
"../../../Engine/Content/Functions/Engine_MaterialFunctions02/Utility/MakeFloat2.uasset" 22
"../../../Engine/Content/Functions/Engine_MaterialFunctions02/ScreenResolution.uasset" 23
"../../../Engine/Content/Functions/Engine_MaterialFunctions02/Utility/BreakOutFloat2Components.uasset" 24
"../../../Engine/Content/Functions/Engine_MaterialFunctions01/Texturing/ScaleUVsByCenter.uasset" 25
"../../../Engine/Content/Functions/Engine_MaterialFunctions02/Texturing/ScreenAlignedUVs.uasset" 26
"../../../Engine/Content/BufferVisualization/CustomStencil.uasset" 27
"../../../Engine/Content/BufferVisualization/FinalImage.uasset" 28
"../../../Engine/Content/BufferVisualization/LightingModel.uasset" 29
"../../../Engine/Content/BufferVisualization/MaterialAO.uasset" 30
"../../../Engine/Content/BufferVisualization/Metallic.uasset" 31
"../../../Engine/Content/BufferVisualization/Opacity.uasset" 32
"../../../Engine/Content/BufferVisualization/PostTonemapHDRColor.uasset" 33
"../../../Engine/Content/BufferVisualization/PreTonemapHDRColor.uasset" 34
"../../../Engine/Content/BufferVisualization/Roughness.uasset" 35
"../../../Engine/Content/BufferVisualization/SceneColor.uasset" 36
"../../../Engine/Content/BufferVisualization/SceneDepth.uasset" 37
"../../../Engine/Content/BufferVisualization/SceneDepthWorldUnits.uasset" 38
"../../../Engine/Content/BufferVisualization/SeparateTranslucencyA.uasset" 39
"../../../Engine/Content/BufferVisualization/SeparateTranslucencyRGB.uasset" 40
"../../../Engine/Content/BufferVisualization/Specular.uasset" 41
"../../../Engine/Content/BufferVisualization/SubsurfaceColor.uasset" 42
"../../../Engine/Content/BufferVisualization/Velocity.uasset" 43
"../../../Engine/Content/BufferVisualization/WorldNormal.uasset" 44
"../../../Engine/Content/BufferVisualization/WorldTangent.uasset" 45
"../../../Engine/Content/EditorLandscapeResources/DataLayer.uasset" 46
"../../../Engine/Content/EditorLandscapeResources/DefaultAlphaTexture.uasset" 47
"../../../Engine/Content/EditorLandscapeResources/LandscapeGizmoHeight_Mat.uasset" 48
"../../../Engine/Content/EditorLandscapeResources/LandscapeGizmo_Mat.uasset" 49
"../../../Engine/Content/EditorLandscapeResources/LandscapeGizmo_Mat_Copied.uasset" 50
"../../../Engine/Content/EditorLandscapeResources/SplineEditorMeshMat.uasset" 51
"../../../Engine/Content/EditorLandscapeResources/SplineEditorMesh.uasset" 52
"../../../Engine/Content/EditorMaterials/Cross.uasset" 53
"../../../Engine/Content/EditorMaterials/Cross_Mat.uasset" 54
"../../../Engine/Content/Functions/Engine_MaterialFunctions02/Utility/Sign.uasset" 55
"../../../Engine/Content/Functions/Engine_MaterialFunctions02/Utility/Round.uasset" 56
"../../../Engine/Content/EditorResources/T_EditorHelp.uasset" 57
"../../../Engine/Content/Functions/Engine_MaterialFunctions02/ExampleContent/Textures/DebugNumberPeriod.uasset" 58
"../../../Engine/Content/Functions/Engine_MaterialFunctions02/ExampleContent/DebugNumberStrip.uasset" 59
"../../../Engine/Content/EngineMaterials/DefaultDiffuse.uasset" 60
"../../../Engine/Content/Functions/Engine_MaterialFunctions01/Texturing/TextureCropping.uasset" 61
"../../../Engine/Content/Functions/Engine_MaterialFunctions01/Texturing/ComputeMipLevel.uasset" 62
"../../../Engine/Content/Functions/Engine_MaterialFunctions02/Utility/DebugScalarValues.uasset" 63
"../../../Engine/Content/Functions/Engine_MaterialFunctions02/Utility/DebugFloat2Values.uasset" 64
"../../../Engine/Content/Functions/Engine_MaterialFunctions02/ExampleContent/Textures/flipbook.uasset" 65
"../../../Engine/Content/Functions/Engine_MaterialFunctions02/Texturing/FlipBook.uasset" 66
"../../../Engine/Content/EditorMaterials/HelpActorMaterial.uasset" 67
"../../../Engine/Content/Functions/Engine_MaterialFunctions03/Procedurals/ComputeFilterWidth.uasset" 68
"../../../Engine/Content/EngineMaterials/BlendFunc_DefBlend.uasset" 69
"../../../Engine/Content/EngineMaterials/BlendFunc_DefBase.uasset" 70
"../../../Engine/Content/Functions/Engine_MaterialFunctions03/Blends/Blend_Screen.uasset" 71
"../../../Engine/Content/EditorMaterials/TilingAALineIntegral.uasset" 72
"../../../Engine/Content/EditorMaterials/TilingAALineBoxFiltered.uasset" 73
"../../../Engine/Content/EditorMaterials/TilingAAGrid.uasset" 74
"../../../Engine/Content/EditorMaterials/TilingAADots.uasset" 75
"../../../Engine/Content/EditorMaterials/CompositeARGBLayer.uasset" 76
"../../../Engine/Content/EditorMaterials/LevelGridMaterial.uasset" 77
"../../../Engine/Content/EditorResources/LevelGrid1DStripes.uasset" 78
"../../../Engine/Content/EditorMaterials/TextureGridCascaded1D.uasset" 79
"../../../Engine/Content/EditorMaterials/TextureGridCascaded2D.uasset" 80
"../../../Engine/Content/EditorMaterials/MakeCompositeARGBLayer.uasset" 81
"../../../Engine/Content/EditorMaterials/LevelGridMaterial2.uasset" 82
"../../../Engine/Content/EditorMaterials/MAT_Groups_Toggle.uasset" 83
"../../../Engine/Content/EditorMaterials/MAT_Groups_Visibility.uasset" 84
"../../../Engine/Content/EditorMaterials/PhAT_BoneSelectedMaterial.uasset" 85
"../../../Engine/Content/EditorMaterials/PhAT_ElemSelectedMaterial.uasset" 86
"../../../Engine/Content/EditorMaterials/PhAT_NoCollisionMaterial.uasset" 87
"../../../Engine/Content/EditorMaterials/PhAT_UnselectedMaterial.uasset" 88
"../../../Engine/Content/EditorMaterials/PreviewShadowIndicator.uasset" 89
"../../../Engine/Content/EditorMaterials/PreviewShadowIndicatorMaterial.uasset" 90
"../../../Engine/Content/EditorMaterials/TargetIcon.uasset" 91
"../../../Engine/Content/EditorMaterials/Tick.uasset" 92
"../../../Engine/Content/EditorMaterials/Tick_Mat.uasset" 93
"../../../Engine/Content/EditorMaterials/WidgetGridVertexColorMaterial.uasset" 94
"../../../Engine/Content/EditorMaterials/WidgetGridVertexColorMaterial_Ma.uasset" 95
"../../../Engine/Content/EditorMaterials/WidgetMaterial.uasset" 96
"../../../Engine/Content/EditorMaterials/WidgetMaterial_Current.uasset" 97
"../../../Engine/Content/EditorMaterials/WidgetMaterial_X.uasset" 98
"../../../Engine/Content/EditorMaterials/WidgetMaterial_Y.uasset" 99
"../../../Engine/Content/EditorMaterials/WidgetMaterial_Z.uasset" 100
"../../../Engine/Content/EditorMaterials/WidgetVertexColorMaterial.uasset" 101
"../../../Engine/Content/EditorMaterials/MatineeGroups/MAT_ColorTrack.uasset" 102
"../../../Engine/Content/EditorMaterials/MatineeGroups/MAT_Groups_Anim.uasset" 103
"../../../Engine/Content/EditorMaterials/MatineeGroups/MAT_Groups_AudioMaster.uasset" 104
"../../../Engine/Content/EditorMaterials/MatineeGroups/MAT_Groups_Director.uasset" 105
"../../../Engine/Content/EditorMaterials/MatineeGroups/MAT_Groups_Event.uasset" 106
"../../../Engine/Content/EditorMaterials/MatineeGroups/MAT_Groups_Fade.uasset" 107
"../../../Engine/Content/EditorMaterials/MatineeGroups/MAT_Groups_Float.uasset" 108
"../../../Engine/Content/EditorMaterials/MatineeGroups/MAT_Groups_Move.uasset" 109
"../../../Engine/Content/EditorMaterials/MatineeGroups/MAT_Groups_Slomo.uasset" 110
"../../../Engine/Content/EditorMaterials/MatineeGroups/MAT_Groups_Sound.uasset" 111
"../../../Engine/Content/EditorMaterials/MatineeGroups/MAT_Groups_Vector.uasset" 112
"../../../Engine/Content/EditorMaterials/ParticleSystems/PSysThumbnail_NoImage.uasset" 113
"../../../Engine/Content/EditorMaterials/ParticleSystems/PSysThumbnail_OOD.uasset" 114
"../../../Engine/Content/EngineMaterials/Grid.uasset" 115
"../../../Engine/Content/EditorMaterials/Thumbnails/FloorPlaneMaterial.uasset" 116
"../../../Engine/Content/EditorMeshes/EditorCube.uasset" 117
"../../../Engine/Content/EditorMeshes/EditorCylinder.uasset" 118
"../../../Engine/Content/EditorMeshes/EditorPlane.uasset" 119
"../../../Engine/Content/EditorMaterials/Thumbnails/SkySphereMaterial.uasset" 120
"../../../Engine/Content/EditorMeshes/EditorSkySphere.uasset" 121
"../../../Engine/Content/EditorMeshes/EditorSphere.uasset" 122
"../../../Engine/Content/EditorResources/MatineeCam_D.uasset" 123
"../../../Engine/Content/EditorMaterials/MatineeCam_mat.uasset" 124
"../../../Engine/Content/EditorMeshes/MatineeCam_SM.uasset" 125
"../../../Engine/Content/EditorMeshes/PlanarReflectionPlane.uasset" 126
"../../../Engine/Content/EngineDebugMaterials/M_SimpleOpaque.uasset" 127
"../../../Engine/Content/EditorMaterials/Camera/MI_CineMat_CamViewFinder.uasset" 128
"../../../Engine/Content/EditorMaterials/Camera/CineMat.uasset" 129
"../../../Engine/Content/EditorMaterials/Camera/MI_CineMat_CameraBody.uasset" 130
"../../../Engine/Content/EditorMeshes/Camera/SM_CineCam.uasset" 131
"../../../Engine/Content/EditorMaterials/Camera/MI_CineMat_Rig.uasset" 132
"../../../Engine/Content/EditorMeshes/Camera/SM_CraneRig_Arm.uasset" 133
"../../../Engine/Content/EditorMeshes/Camera/SM_CraneRig_Base.uasset" 134
"../../../Engine/Content/EditorMeshes/Camera/SM_CraneRig_Body.uasset" 135
"../../../Engine/Content/EditorMeshes/Camera/SM_CraneRig_Mount.uasset" 136
"../../../Engine/Content/EditorMeshes/Camera/SM_RailRig_Mount.uasset" 137
"../../../Engine/Content/EditorMeshes/Camera/SM_RailRig_Track.uasset" 138
"../../../Engine/Content/EditorMeshes/ColorCalibrator/M_ChromeBall.uasset" 139
"../../../Engine/Content/EditorResources/Bad.uasset" 140
"../../../Engine/Content/EditorResources/BSPVertex.uasset" 141
"../../../Engine/Content/EditorResources/EmptyActor.uasset" 142
"../../../Engine/Content/EditorResources/MatInstActSprite.uasset" 143
"../../../Engine/Content/EditorResources/SceneManager.uasset" 144
"../../../Engine/Content/EditorResources/SmallFont.uasset" 145
"../../../Engine/Content/EditorResources/S_Actor.uasset" 146
"../../../Engine/Content/EditorResources/S_CameraShakeSource.uasset" 147
"../../../Engine/Content/EditorResources/S_DecalActorIcon.uasset" 148
"../../../Engine/Content/EditorResources/S_Emitter.uasset" 149
"../../../Engine/Content/EditorResources/S_ExpoHeightFog.uasset" 150
"../../../Engine/Content/EditorResources/S_FTest.uasset" 151
"../../../Engine/Content/EditorResources/S_KBSJoint.uasset" 152
"../../../Engine/Content/EditorResources/S_KHinge.uasset" 153
"../../../Engine/Content/EditorResources/S_KPrismatic.uasset" 154
"../../../Engine/Content/EditorResources/S_LevelSequence.uasset" 155
"../../../Engine/Content/EditorResources/S_NavP.uasset" 156
"../../../Engine/Content/EditorResources/S_Note.uasset" 157
"../../../Engine/Content/EditorResources/S_Player.uasset" 158
"../../../Engine/Content/EditorResources/S_PortalActorIcon2.uasset" 159
"../../../Engine/Content/EditorResources/S_RadForce.uasset" 160
"../../../Engine/Content/EditorResources/S_ReflActorIcon.uasset" 161
"../../../Engine/Content/EditorResources/S_SkyAtmosphere.uasset" 162
"../../../Engine/Content/EditorResources/S_Solver.uasset" 163
"../../../Engine/Content/EditorResources/S_Terrain.uasset" 164
"../../../Engine/Content/EditorResources/S_TextRenderActorIcon.uasset" 165
"../../../Engine/Content/EditorResources/S_Thruster.uasset" 166
"../../../Engine/Content/EditorResources/S_Trigger.uasset" 167
"../../../Engine/Content/EditorResources/S_VectorFieldVol.uasset" 168
"../../../Engine/Content/EditorResources/S_VolumetricCloud.uasset" 169
"../../../Engine/Content/EditorResources/S_WindDirectional.uasset" 170
"../../../Engine/Content/EditorResources/AI/S_NavLink.uasset" 171
"../../../Engine/Content/EditorResources/LightIcons/SkyLight.uasset" 172
"../../../Engine/Content/EditorResources/LightIcons/S_LightDirectional.uasset" 173
"../../../Engine/Content/EditorResources/LightIcons/S_LightDirectionalMove.uasset" 174
"../../../Engine/Content/EditorResources/LightIcons/S_LightError.uasset" 175
"../../../Engine/Content/EditorResources/LightIcons/S_LightPoint.uasset" 176
"../../../Engine/Content/EditorResources/LightIcons/S_LightPointMove.uasset" 177
"../../../Engine/Content/EditorResources/LightIcons/S_LightSpot.uasset" 178
"../../../Engine/Content/EditorResources/LightIcons/S_LightSpotMove.uasset" 179
"../../../Engine/Content/EditorResources/SequenceRecorder/Countdown.uasset" 180
"../../../Engine/Content/EditorResources/SequenceRecorder/RecordingIndicator.uasset" 181
"../../../Engine/Content/EditorResources/Spline/T_Loft_Spline.uasset" 182
"../../../Engine/Content/EditorSounds/Notifications/CompileSuccess.uasset" 183
"../../../Engine/Content/EditorSounds/Notifications/CompileStart_Cue.uasset" 184
"../../../Engine/Content/EngineDamageTypes/DmgTypeBP_Environmental.uasset" 185
"../../../Engine/Content/EngineDebugMaterials/HeatmapGradient.uasset" 186
"../../../Engine/Content/EngineDebugMaterials/BoneWeightMaterial.uasset" 187
"../../../Engine/Content/EngineDebugMaterials/ClothMaterial.uasset" 188
"../../../Engine/Content/EngineDebugMaterials/ClothMaterial_WF.uasset" 189
"../../../Engine/Content/EngineDebugMaterials/DebugEditorMaterial.uasset" 190
"../../../Engine/Content/EngineDebugMaterials/DebugMeshMaterial.uasset" 191
"../../../Engine/Content/EngineDebugMaterials/GeomMaterial.uasset" 192
"../../../Engine/Content/Functions/Engine_MaterialFunctions01/Shading/ConvertFromDiffSpec.uasset" 193
"../../../Engine/Content/EngineDebugMaterials/LevelColorationLitMaterial.uasset" 194
"../../../Engine/Content/EngineDebugMaterials/LevelColorationUnlitMaterial.uasset" 195
"../../../Engine/Content/EngineMaterials/DefaultWhiteGrid.uasset" 196
"../../../Engine/Content/EngineDebugMaterials/MAT_LevelColorationLitLightmapUV.uasset" 197
"../../../Engine/Content/EngineDebugMaterials/M_SimpleUnlitTranslucent.uasset" 198
"../../../Engine/Content/EngineDebugMaterials/VolumeToRender.uasset" 199
"../../../Engine/Content/Functions/Engine_MaterialFunctions02/Utility/CameraDirectionVector.uasset" 200
"../../../Engine/Content/EngineDebugMaterials/M_VolumeRenderSphereTracePP.uasset" 201
"../../../Engine/Content/EngineMaterials/DefaultWhiteGrid_Low.uasset" 202
"../../../Engine/Content/EngineDebugMaterials/PhysicalMaterialMaskMaterial.uasset" 203
"../../../Engine/Content/EngineDebugMaterials/ShadedLevelColorationLitMaterial.uasset" 204
"../../../Engine/Content/EngineDebugMaterials/ShadedLevelColorationUnlitMateri.uasset" 205
"../../../Engine/Content/EngineDebugMaterials/VertexColorMaterial.uasset" 206
"../../../Engine/Content/EngineDebugMaterials/VertexColorViewMode_AlphaAsColor.uasset" 207
"../../../Engine/Content/EngineDebugMaterials/VertexColorViewMode_BlueOnly.uasset" 208
"../../../Engine/Content/EngineDebugMaterials/VertexColorViewMode_ColorOnly.uasset" 209
"../../../Engine/Content/EngineDebugMaterials/VertexColorViewMode_GreenOnly.uasset" 210
"../../../Engine/Content/EngineDebugMaterials/VertexColorViewMode_RedOnly.uasset" 211
"../../../Engine/Content/EngineDebugMaterials/WireframeMaterial.uasset" 212
"../../../Engine/Content/EngineFonts/Faces/RobotoRegular.uasset" 213
"../../../Engine/Content/EngineFonts/Faces/RobotoLight.uasset" 214
"../../../Engine/Content/EngineFonts/Faces/RobotoItalic.uasset" 215
"../../../Engine/Content/EngineFonts/Faces/RobotoBoldItalic.uasset" 216
"../../../Engine/Content/EngineFonts/Faces/RobotoBold.uasset" 217
"../../../Engine/Content/EngineFonts/Faces/DroidSansFallback.uasset" 218
"../../../Engine/Content/EngineFonts/Roboto.uasset" 219
"../../../Engine/Content/EngineFonts/Faces/RobotoTiny.uasset" 220
"../../../Engine/Content/EngineFonts/RobotoTiny.uasset" 221
"../../../Engine/Content/EngineFonts/SmallFont.uasset" 222
"../../../Engine/Content/EngineFonts/TinyFont.uasset" 223
"../../../Engine/Content/EngineMaterials/BaseFlattenNormalMap.uasset" 224
"../../../Engine/Content/EngineMaterials/BaseFlattenGrayscaleMap.uasset" 225
"../../../Engine/Content/EngineMaterials/BaseFlattenEmissiveMap.uasset" 226
"../../../Engine/Content/EngineMaterials/BaseFlattenDiffuseMap.uasset" 227
"../../../Engine/Content/EngineMaterials/BaseFlattenMaterial.uasset" 228
"../../../Engine/Content/EngineResources/WhiteSquareTexture.uasset" 229
"../../../Engine/Content/EngineMaterials/BlinkingCaret.uasset" 230
"../../../Engine/Content/EngineMaterials/BlueNoise.uasset" 231
"../../../Engine/Content/EngineMaterials/DefaultBloomKernel.uasset" 232
"../../../Engine/Content/EngineMaterials/DefaultBokeh.uasset" 233
"../../../Engine/Content/EngineMaterials/DefaultDeferredDecalMaterial.uasset" 234
"../../../Engine/Content/EngineMaterials/DefaultLightFunctionMaterial.uasset" 235
"../../../Engine/Content/EngineMaterials/DefaultNormal.uasset" 236
"../../../Engine/Content/EngineMaterials/DefaultPostProcessMaterial.uasset" 237
"../../../Engine/Content/EngineFonts/RobotoDistanceField.uasset" 238
"../../../Engine/Content/EngineMaterials/DefaultTextMaterialOpaque.uasset" 239
"../../../Engine/Content/EngineMaterials/EditorBrushMaterial.uasset" 240
"../../../Engine/Content/EngineMaterials/EmissiveMeshMaterial.uasset" 241
"../../../Engine/Content/EngineMaterials/GizmoMaterial.uasset" 242
"../../../Engine/Content/EngineMaterials/Good64x64TilingNoiseHighFreq.uasset" 243
"../../../Engine/Content/EngineMaterials/Grid_N.uasset" 244
"../../../Engine/Content/EngineMaterials/HighResolutionScreenshotMaskFunction.uasset" 245
"../../../Engine/Content/EngineMaterials/HighResScreenshot.uasset" 246
"../../../Engine/Content/EngineMaterials/HighResScreenshotCaptureRegion.uasset" 247
"../../../Engine/Content/EngineMaterials/HighResScreenshotMask.uasset" 248
"../../../Engine/Content/EngineMaterials/LandscapeHolePhysicalMaterial.uasset" 249
"../../../Engine/Content/EngineMaterials/InvalidLightmapSettings.uasset" 250
"../../../Engine/Content/EngineMaterials/M_InvalidLightmapSettings.uasset" 251
"../../../Engine/Content/EngineMaterials/PaperDiffuse.uasset" 252
"../../../Engine/Content/EngineMaterials/PaperNormal.uasset" 253
"../../../Engine/Content/Functions/Engine_MaterialFunctions02/WorldPositionOffset/CameraOffset.uasset" 254
"../../../Engine/Content/EngineMaterials/PhAT_JointLimitMaterial.uasset" 255
"../../../Engine/Content/EngineMaterials/PhysMat_Rubber.uasset" 256
"../../../Engine/Content/EngineMaterials/PreintegratedSkinBRDF.uasset" 257
"../../../Engine/Content/EngineMaterials/RemoveSurfaceMaterial.uasset" 258
"../../../Engine/Content/EngineMaterials/WeightMapPlaceholderTexture.uasset" 259
"../../../Engine/Content/Functions/Engine_MaterialFunctions01/ImageAdjustment/sRGBToLinear.uasset" 260
"../../../Engine/Content/Functions/Engine_MaterialFunctions02/Utility/BreakOutFloat3Components.uasset" 261
"../../../Engine/Content/EngineMaterials/Widget3DCameraPassThrough_Opaque_OneSided.uasset" 262
"../../../Engine/Content/EngineMaterials/Widget3DPassThrough.uasset" 263
"../../../Engine/Content/EngineMaterials/Widget3DPassThrough_Masked.uasset" 264
"../../../Engine/Content/EngineMaterials/Widget3DPassThrough_Opaque.uasset" 265
"../../../Engine/Content/EngineMaterials/Widget3DPassThrough_Masked_OneSided.uasset" 266
"../../../Engine/Content/EngineMaterials/Widget3DPassThrough_Opaque_OneSided.uasset" 267
"../../../Engine/Content/EngineMaterials/Widget3DPassThrough_Translucent.uasset" 268
"../../../Engine/Content/EngineMaterials/Widget3DPassThrough_Translucent_OneSided.uasset" 269
"../../../Engine/Content/EngineMeshes/Cylinder.uasset" 270
"../../../Engine/Content/EngineMeshes/Sphere.uasset" 271
"../../../Engine/Content/EngineResources/Black.uasset" 272
"../../../Engine/Content/EngineResources/DefaultTextureCube.uasset" 273
"../../../Engine/Content/EngineResources/DefaultVolumeTexture2D.uasset" 274
"../../../Engine/Content/EngineResources/DefaultVolumeTexture.uasset" 275
"../../../Engine/Content/EngineResources/GradientTexture0.uasset" 276
"../../../Engine/Content/EngineResources/StreamingPauseIcon.uasset" 277
"../../../Engine/Content/EngineResources/M_StreamingPause.uasset" 278
"../../../Engine/Content/EngineSky/VolumetricClouds/T_NoiseShape64.uasset" 279
"../../../Engine/Content/EngineSky/VolumetricClouds/T_VolumeNoiseShape64.uasset" 280
"../../../Engine/Content/EngineSky/VolumetricClouds/T_NoiseErosion.uasset" 281
"../../../Engine/Content/EngineSky/VolumetricClouds/T_VolumeNoiseErosion32.uasset" 282
"../../../Engine/Content/EngineSky/VolumetricClouds/CloudWeatherTexture.uasset" 283
"../../../Engine/Content/EngineSky/VolumetricClouds/CloudGradientTexture.uasset" 284
"../../../Engine/Content/EngineSky/VolumetricClouds/m_SimpleVolumetricCloud.uasset" 285
"../../../Engine/Content/EngineSky/VolumetricClouds/m_SimpleVolumetricCloud_Inst.uasset" 286
"../../../Engine/Content/EngineSounds/Master.uasset" 287
"../../../Engine/Content/Functions/Engine_MaterialFunctions01/Shading/PowerToRoughness.uasset" 288
"../../../Engine/Content/Maps/Templates/Thumbnails/Default.uasset" 289
"../../../Engine/Content/Maps/Templates/Thumbnails/TimeOfDay.uasset" 290
"../../../Engine/Content/Maps/Templates/Thumbnails/VR-Basic.uasset" 291
"../../../Engine/Content/MapTemplates/Sky/DaylightAmbientCubemap.uasset" 292
"../../../Engine/Content/MobileResources/T_MobileControls_texture.uasset" 293
"../../../Engine/Content/MobileResources/T_MobileMenu2.uasset" 294
"../../../Engine/Content/MobileResources/HUD/AnalogHat.uasset" 295
"../../../Engine/Content/MobileResources/HUD/VirtualJoystick_Thumb.uasset" 296
"../../../Engine/Content/MobileResources/HUD/VirtualJoystick_Background.uasset" 297
"../../../Engine/Content/MobileResources/HUD/DefaultVirtualJoysticks.uasset" 298
"../../../Engine/Content/MobileResources/HUD/LeftVirtualJoystickOnly.uasset" 299
"../../../Engine/Content/MobileResources/HUD/MobileHUDButton1_off.uasset" 300
"../../../Engine/Content/MobileResources/HUD/MobileHUDButton1_on.uasset" 301
"../../../Engine/Content/MobileResources/HUD/MobileHUDButton2_off.uasset" 302
"../../../Engine/Content/MobileResources/HUD/MobileHUDButton2_on.uasset" 303
"../../../Engine/Content/MobileResources/HUD/MobileHUDButton3.uasset" 304
"../../../Engine/Content/MobileResources/HUD/MobileHUDButtonFire.uasset" 305
"../../../Engine/Content/MobileResources/HUD/MobileHUDDirectionPad.uasset" 306
"../../../Engine/Content/MobileResources/HUD/MobileHUDDirectionPad2.uasset" 307
"../../../Engine/Content/MobileResources/HUD/MobileHUDDirectionPad3.uasset" 308
"../../../Engine/Content/MobileResources/HUD/MobileHUDDirectionStick.uasset" 309
"../../../Engine/Content/MobileResources/HUD/T_Castle_ThumbstickInner.uasset" 310
"../../../Engine/Content/MobileResources/HUD/T_Castle_ThumbstickOutter.uasset" 311
"../../../Engine/Content/Tutorial/ContentIntroCurve.uasset" 312
"../../../Engine/Content/Tutorial/Basics/LevelEditorAttract.uasset" 313
"../../../Engine/Content/Tutorial/Basics/TutorialAssets/icon_tab_Levels_40x.uasset" 314
"../../../Engine/Content/Tutorial/Basics/LevelEditorOverview.uasset" 315
"../../../Engine/Content/VREditor/TransformGizmo/TranslucentTransformGizmoMaterial.uasset" 316
"../../../Engine/Content/VREditor/LaserPointer/VR_LaserPower_01.uasset" 317
"../../../Engine/Content/VREditor/TransformGizmo/TransformGizmoMaterial.uasset" 318
"../../../Engine/Content/VREditor/TransformGizmo/BoundingBoxCorner.uasset" 319
"../../../Engine/Content/VREditor/TransformGizmo/BoundingBoxEdge.uasset" 320
"../../../Engine/Content/VREditor/TransformGizmo/PlaneTranslationHandle.uasset" 321
"../../../Engine/Content/VREditor/TransformGizmo/Xray.uasset" 322
"../../../Engine/Content/VREditor/TransformGizmo/Main.uasset" 323
"../../../Engine/Content/VREditor/TransformGizmo/SM_Sequencer_Key.uasset" 324
"../../../Engine/Content/VREditor/TransformGizmo/SM_Sequencer_Node.uasset" 325
"../../../../../../Users/Kevin Chen/Documents/Unreal Projects/first_hour_project/Content/InfinityBladeGrassLands/Environments/SurfaceTypes/PhysicalMaterial_Stone.uasset" 326
"../../../../../../Users/Kevin Chen/Documents/Unreal Projects/first_hour_project/Content/InfinityBladeGrassLands/Environments/Plains/Env_Plains_Floors/Textures/T_Plains_Terrain_Floors01_N.uasset" 327
"../../../../../../Users/Kevin Chen/Documents/Unreal Projects/first_hour_project/Content/InfinityBladeGrassLands/Environments/Plains/Env_Plains_Floors/Textures/T_Plains_Terrain_Floors01_D.uasset" 328
"../../../../../../Users/Kevin Chen/Documents/Unreal Projects/first_hour_project/Content/InfinityBladeGrassLands/Environments/Plains/Env_Plains_Floors/Materials/M_Plains_Floors_Block.uasset" 329
"../../../../../../Users/Kevin Chen/Documents/Unreal Projects/first_hour_project/Content/InfinityBladeGrassLands/Environments/Plains/Env_Plains_Floors/StaticMesh/SM_Plains_Floors_Brick01.uasset" 330
"../../../../../../Users/Kevin Chen/Documents/Unreal Projects/first_hour_project/Content/InfinityBladeGrassLands/Environments/Plains/Env_Plains_Floors/Textures/T_Plains_FloorsTrim_N.uasset" 331
"../../../../../../Users/Kevin Chen/Documents/Unreal Projects/first_hour_project/Content/InfinityBladeGrassLands/Environments/Plains/Env_Plains_Floors/Textures/T_Plains_FloorsTrim_D.uasset" 332
"../../../../../../Users/Kevin Chen/Documents/Unreal Projects/first_hour_project/Content/InfinityBladeGrassLands/Environments/Plains/Env_Plains_Floors/Materials/M_Plains_FloorTrims.uasset" 333
"../../../../../../Users/Kevin Chen/Documents/Unreal Projects/first_hour_project/Content/InfinityBladeGrassLands/Environments/Plains/Env_Plains_Floors/StaticMesh/SM_Plains_Floors_Rubble03.uasset" 334
"../../../../../../Users/Kevin Chen/Documents/Unreal Projects/first_hour_project/Content/InfinityBladeGrassLands/Environments/Plains/Env_Plains_Organic/Textures/T_Plains_Rock01_N.uasset" 335
"../../../../../../Users/Kevin Chen/Documents/Unreal Projects/first_hour_project/Content/InfinityBladeGrassLands/Environments/Plains/Env_Plains_Organic/Textures/T_Plains_Rock01_D.uasset" 336
"../../../../../../Users/Kevin Chen/Documents/Unreal Projects/first_hour_project/Content/InfinityBladeGrassLands/Environments/Plains/Env_Plains_Organic/Materials/M_Plains_LargeRock.uasset" 337
"../../../../../../Users/Kevin Chen/Documents/Unreal Projects/first_hour_project/Content/InfinityBladeGrassLands/Environments/Plains/Env_Plains_Organic/StaticMesh/SM_Plains_LargeRock_SpireLOD2.uasset" 338
"../../../../../../Users/Kevin Chen/Documents/Unreal Projects/first_hour_project/Content/InfinityBladeGrassLands/Environments/Plains/Env_Plains_Ruins/Textures/T_Plains_Ruins_Pillars_02_N.uasset" 339
"../../../../../../Users/Kevin Chen/Documents/Unreal Projects/first_hour_project/Content/InfinityBladeGrassLands/Environments/Plains/Env_Plains_Ruins/Textures/T_Plains_Ruins_Pillars_02_D.uasset" 340
"../../../../../../Users/Kevin Chen/Documents/Unreal Projects/first_hour_project/Content/InfinityBladeGrassLands/Environments/Plains/Env_Plains_Ruins/Materials/M_Plains_Pillars02.uasset" 341
"../../../../../../Users/Kevin Chen/Documents/Unreal Projects/first_hour_project/Content/InfinityBladeGrassLands/Environments/Plains/Env_Plains_Ruins/StaticMesh/SM_Plains_CastleWall_Support_03.uasset" 342
"../../../../../../Users/Kevin Chen/Documents/Unreal Projects/first_hour_project/Content/Mannequin/Character/Mesh/SK_Mannequin_PhysicsAsset.uasset" 343
"../../../../../../Users/Kevin Chen/Documents/Unreal Projects/first_hour_project/Content/Mannequin/Character/Textures/T_UE4Logo_N.uasset" 344
"../../../../../../Users/Kevin Chen/Documents/Unreal Projects/first_hour_project/Content/Mannequin/Character/Textures/T_UE4Logo_Mask.uasset" 345
"../../../../../../Users/Kevin Chen/Documents/Unreal Projects/first_hour_project/Content/Mannequin/Character/Textures/T_Male_N.uasset" 346
"../../../../../../Users/Kevin Chen/Documents/Unreal Projects/first_hour_project/Content/Mannequin/Character/Textures/T_Male_Mask.uasset" 347
"../../../../../../Users/Kevin Chen/Documents/Unreal Projects/first_hour_project/Content/Mannequin/Character/Materials/MaterialLayers/T_ML_Rubber_Blue_01_N.uasset" 348
"../../../../../../Users/Kevin Chen/Documents/Unreal Projects/first_hour_project/Content/Mannequin/Character/Materials/MaterialLayers/T_ML_Rubber_Blue_01_D.uasset" 349
"../../../../../../Users/Kevin Chen/Documents/Unreal Projects/first_hour_project/Content/Mannequin/Character/Materials/MaterialLayers/T_ML_Aluminum01_N.uasset" 350
"../../../../../../Users/Kevin Chen/Documents/Unreal Projects/first_hour_project/Content/Mannequin/Character/Materials/MaterialLayers/T_ML_Aluminum01.uasset" 351
"../../../../../../Users/Kevin Chen/Documents/Unreal Projects/first_hour_project/Content/Mannequin/Character/Materials/MaterialLayers/ML_SoftMetal_UE4.uasset" 352
"../../../../../../Users/Kevin Chen/Documents/Unreal Projects/first_hour_project/Content/Mannequin/Character/Materials/MaterialLayers/ML_Plastic_Shiny_Beige_LOGO.uasset" 353
"../../../../../../Users/Kevin Chen/Documents/Unreal Projects/first_hour_project/Content/Mannequin/Character/Materials/MaterialLayers/ML_Plastic_Shiny_Beige.uasset" 354
"../../../../../../Users/Kevin Chen/Documents/Unreal Projects/first_hour_project/Content/Mannequin/Character/Materials/MaterialLayers/ML_GlossyBlack_Latex_UE4.uasset" 355
"../../../Engine/Content/Functions/MaterialLayerFunctions/MatLayerBlend_Simple.uasset" 356
"../../../Engine/Content/Functions/Engine_MaterialFunctions02/Utility/BlendAngleCorrectedNormals.uasset" 357
"../../../Engine/Content/Functions/MaterialLayerFunctions/MatLayerBlend_NormalBlend.uasset" 358
"../../../../../../Users/Kevin Chen/Documents/Unreal Projects/first_hour_project/Content/Mannequin/Character/Materials/M_Male_Body.uasset" 359
"../../../../../../Users/Kevin Chen/Documents/Unreal Projects/first_hour_project/Content/Mannequin/Character/Materials/M_UE4Man_ChestLogo.uasset" 360
"../../../../../../Users/Kevin Chen/Documents/Unreal Projects/first_hour_project/Content/Mannequin/Character/Mesh/UE4_Mannequin_Skeleton.uasset" 361
"../../../../../../Users/Kevin Chen/Documents/Unreal Projects/first_hour_project/Content/Mannequin/Character/Mesh/SK_Mannequin.uasset" 362
"../../../../../../Users/Kevin Chen/Documents/Unreal Projects/first_hour_project/Content/Mannequin/Animations/ThirdPersonWalk.uasset" 363
"../../../../../../Users/Kevin Chen/Documents/Unreal Projects/first_hour_project/Content/Mannequin/Animations/ThirdPersonRun.uasset" 364
"../../../../../../Users/Kevin Chen/Documents/Unreal Projects/first_hour_project/Content/Mannequin/Animations/ThirdPersonIdle.uasset" 365
"../../../../../../Users/Kevin Chen/Documents/Unreal Projects/first_hour_project/Content/Mannequin/Animations/ThirdPerson_IdleRun_2D.uasset" 366
"../../../../../../Users/Kevin Chen/Documents/Unreal Projects/first_hour_project/Content/Mannequin/Animations/ThirdPerson_Jump.uasset" 367
"../../../../../../Users/Kevin Chen/Documents/Unreal Projects/first_hour_project/Content/Mannequin/Animations/ThirdPersonJump_Start.uasset" 368
"../../../../../../Users/Kevin Chen/Documents/Unreal Projects/first_hour_project/Content/Mannequin/Animations/ThirdPersonJump_Loop.uasset" 369
"../../../Engine/Content/EditorBlueprintResources/StandardMacros.uasset" 370
"../../../../../../Users/Kevin Chen/Documents/Unreal Projects/first_hour_project/Content/Mannequin/Animations/ThirdPerson_AnimBP.uasset" 371
"../../../../../../Users/Kevin Chen/Documents/Unreal Projects/first_hour_project/Content/ThirdPersonBP/Blueprints/ThirdPersonCharacter.uasset" 372
"../../../../../../Users/Kevin Chen/Documents/Unreal Projects/first_hour_project/Content/ThirdPersonBP/Blueprints/ThirdPersonGameMode.uasset" 373
"../../Plugins/2D/Paper2D/Content/PlaceholderTextures/DummySpriteTexture.uasset" 374
"../../Plugins/2D/Paper2D/Content/DummySprite.uasset" 375
"../../Plugins/2D/Paper2D/Content/DefaultPaperTerrainMaterial.uasset" 376
"../../Plugins/2D/Paper2D/Content/DefaultSpriteMaterial.uasset" 377
"../../Plugins/2D/Paper2D/Content/MaskedUnlitSpriteMaterial.uasset" 378
"../../Plugins/2D/Paper2D/Content/OpaqueUnlitSpriteMaterial.uasset" 379
"../../Plugins/FX/Niagara/Content/Enums/ENiagaraCoordinateSpace.uasset" 380
"../../Plugins/FX/Niagara/Content/Enums/ENiagaraOrientationAxis.uasset" 381
"../../Plugins/FX/Niagara/Content/Enums/ENiagaraRandomnessMode.uasset" 382
"../../Plugins/FX/Niagara/Content/Icons/S_ParticleSystem.uasset" 383
"../../../Engine/Content/BasicShapes/Cylinder.uasset" 384
"../../../Engine/Content/ArtTools/RenderToTexture/Materials/Debug/M_Emissive_Color.uasset" 385
"../../Plugins/Lumin/MagicLeapPassableWorld/Content/MagicLeapARPinInfoActor.uasset" 386
"../../Plugins/Editor/SpeedTreeImporter/Content/SpeedTree9/UnpackInteger3.uasset" 387
"../../Plugins/Editor/SpeedTreeImporter/Content/SpeedTree9/UnpackDirection.uasset" 388
"../../Plugins/Editor/SpeedTreeImporter/Content/SpeedTree9/game_wind_noise.uasset" 389
"../../../Engine/Content/Functions/Engine_MaterialFunctions02/SafeNormalize.uasset" 390
"../../Plugins/Editor/SpeedTreeImporter/Content/SpeedTree9/SpeedTreeWindMotion.uasset" 391
"../../Plugins/Editor/SpeedTreeImporter/Content/SpeedTree9/SpeedTreeBranchMotion.uasset" 392
"../../../Engine/Content/Functions/Engine_MaterialFunctions02/ObjectLocalBounds.uasset" 393
"../../../Engine/Content/Functions/Engine_MaterialFunctions02/UVs/BoundingBoxBased_0-1_UVW.uasset" 394
"../../Plugins/Editor/SpeedTreeImporter/Content/SpeedTree9/SpeedTreeWind.uasset" 395
"../../Plugins/Editor/SpeedTreeImporter/Content/SpeedTree9/SpeedTreeBillboard.uasset" 396
"../../../Engine/Content/EngineResources/DefaultTexture.uasset" 397
"../../Plugins/Editor/SpeedTreeImporter/Content/SpeedTree9/SpeedTreeBillboardMaster.uasset" 398
"../../Plugins/Editor/SpeedTreeImporter/Content/SpeedTree9/SpeedTreeCameraFacing.uasset" 399
"../../Plugins/Editor/SpeedTreeImporter/Content/SpeedTree9/SpeedTreeMaster.uasset" 400
"../../../Engine/Content/Functions/Engine_MaterialFunctions02/Utility/BreakOutFloat4Components.uasset" 401
"../../Plugins/Runtime/Oculus/OculusVR/Content/Materials/OculusMR_ChromaKey.uasset" 402
"../../Plugins/Runtime/Oculus/OculusVR/Content/Materials/OculusMR_OpaqueColoredMaterial.uasset" 403
"../../Plugins/Runtime/Oculus/OculusVR/Content/Materials/PokeAHoleMaterial.uasset" 404
"../../../../../../Users/Kevin Chen/Documents/Unreal Projects/first_hour_project/Content/InfinityBladeGrassLands/Environments/Plains/Env_Plains_Flora/Textures/T_Plains_Fern01_N.uasset" 405
"../../../../../../Users/Kevin Chen/Documents/Unreal Projects/first_hour_project/Content/InfinityBladeGrassLands/Environments/Plains/Env_Plains_Flora/Textures/T_Plains_Fern01_D.uasset" 406
"../../../../../../Users/Kevin Chen/Documents/Unreal Projects/first_hour_project/Content/InfinityBladeGrassLands/Environments/Plains/Env_Plains_Flora/Textures/T_Plains_Fern01_Mat.uasset" 407
"../../../Engine/Content/Maps/Entry_BuiltData.uasset" 408
"../../../Engine/Content/Maps/Entry.umap" 409
"../../../../../../Users/Kevin Chen/Documents/Unreal Projects/first_hour_project/Content/InfinityBladeGrassLands/Environments/Plains/Env_Plains_Flora/Textures/T_Plains_Tree01_N.uasset" 410
"../../../../../../Users/Kevin Chen/Documents/Unreal Projects/first_hour_project/Content/InfinityBladeGrassLands/Environments/Plains/Env_Plains_Flora/Textures/T_Plains_Tree01_D.uasset" 411
"../../../../../../Users/Kevin Chen/Documents/Unreal Projects/first_hour_project/Content/InfinityBladeGrassLands/Environments/Plains/Env_Plains_Flora/Textures/T_Plains_Tree01_Mat.uasset" 412
"../../../../../../Users/Kevin Chen/Documents/Unreal Projects/first_hour_project/Content/ThirdPersonBP/Maps/ThirdPersonExampleMap_BuiltData.uasset" 413
"../../../../../../Users/Kevin Chen/Documents/Unreal Projects/first_hour_project/Content/ThirdPerson/Meshes/RampMaterial.uasset" 414
"../../../../../../Users/Kevin Chen/Documents/Unreal Projects/first_hour_project/Content/ThirdPerson/Meshes/RightArm_StaticMesh.uasset" 415
"../../../../../../Users/Kevin Chen/Documents/Unreal Projects/first_hour_project/Content/ThirdPerson/Meshes/Ramp_StaticMesh.uasset" 416
"../../../../../../Users/Kevin Chen/Documents/Unreal Projects/first_hour_project/Content/ThirdPerson/Meshes/Linear_Stair_StaticMesh.uasset" 417
"../../../../../../Users/Kevin Chen/Documents/Unreal Projects/first_hour_project/Content/ThirdPerson/Meshes/LeftArm_StaticMesh.uasset" 418
"../../../../../../Users/Kevin Chen/Documents/Unreal Projects/first_hour_project/Content/ThirdPerson/Meshes/Bump_StaticMesh.uasset" 419
"../../../../../../Users/Kevin Chen/Documents/Unreal Projects/first_hour_project/Content/StarterContent/Textures/T_Chair_N.uasset" 420
"../../../../../../Users/Kevin Chen/Documents/Unreal Projects/first_hour_project/Content/StarterContent/Textures/T_Chair_M.uasset" 421
"../../../../../../Users/Kevin Chen/Documents/Unreal Projects/first_hour_project/Content/StarterContent/Props/Materials/M_Chair.uasset" 422
"../../../../../../Users/Kevin Chen/Documents/Unreal Projects/first_hour_project/Content/StarterContent/Props/SM_Chair.uasset" 423
"../../../../../../Users/Kevin Chen/Documents/Unreal Projects/first_hour_project/Content/InfinityBladeGrassLands/Environments/Plains/Env_Plains_Ruins/StaticMesh/SM_Plains_CastleDoorArch_01.uasset" 424
"../../../../../../Users/Kevin Chen/Documents/Unreal Projects/first_hour_project/Content/InfinityBladeGrassLands/Environments/Plains/Env_Plains_Flora/Materials/M_Plains_Tree_Stump01.uasset" 425
"../../../../../../Users/Kevin Chen/Documents/Unreal Projects/first_hour_project/Content/InfinityBladeGrassLands/Environments/Plains/Env_Plains_Flora/StaticMesh/SM_Plains_Tree_Stump01.uasset" 426
"../../../../../../Users/Kevin Chen/Documents/Unreal Projects/first_hour_project/Content/Geometry/Meshes/CubeMaterial.uasset" 427
"../../../../../../Users/Kevin Chen/Documents/Unreal Projects/first_hour_project/Content/Geometry/Meshes/TemplateFloor.uasset" 428
"../../../../../../Users/Kevin Chen/Documents/Unreal Projects/first_hour_project/Content/Geometry/Meshes/1M_Cube_Chamfer.uasset" 429
"../../../../../../Users/Kevin Chen/Documents/Unreal Projects/first_hour_project/Content/Geometry/Meshes/1M_Cube.uasset" 430
"../../../../../../Users/Kevin Chen/Documents/Unreal Projects/first_hour_project/Content/InfinityBladeGrassLands/Environments/Misc/Exo_Deco01/Textures/T_WoodenBarrel_01_N.uasset" 431
"../../../../../../Users/Kevin Chen/Documents/Unreal Projects/first_hour_project/Content/InfinityBladeGrassLands/Environments/Misc/Exo_Deco01/Textures/T_WoodenBarrel_01_D.uasset" 432
"../../../../../../Users/Kevin Chen/Documents/Unreal Projects/first_hour_project/Content/InfinityBladeGrassLands/Environments/Misc/Exo_Deco01/Materials/M_WoodenBarrel_01.uasset" 433
"../../../../../../Users/Kevin Chen/Documents/Unreal Projects/first_hour_project/Content/InfinityBladeGrassLands/Environments/Misc/Exo_Deco01/StaticMesh/SM_WoodenBarrel_Damaged.uasset" 434
"../../../Engine/Content/EngineSky/T_Sky_Stars.uasset" 435
"../../../Engine/Content/EngineSky/T_Sky_Clouds_M.uasset" 436
"../../../Engine/Content/EngineSky/T_Sky_Blue.uasset" 437
"../../../Engine/Content/EngineSky/M_Sky_Panning_Clouds2.uasset" 438
"../../../Engine/Content/EngineSky/SM_SkySphere.uasset" 439
"../../../Engine/Content/EngineSky/C_Sky_Zenith_Color.uasset" 440
"../../../Engine/Content/EngineSky/C_Sky_Horizon_Color.uasset" 441
"../../../Engine/Content/EngineSky/C_Sky_Cloud_Color.uasset" 442
"../../../Engine/Content/EngineSky/BP_Sky_Sphere.uasset" 443
"../../../../../../Users/Kevin Chen/Documents/Unreal Projects/first_hour_project/Content/ThirdPersonBP/Maps/ThirdPersonExampleMap.umap" 444
"../../../../../../Users/Kevin Chen/Documents/Unreal Projects/first_hour_project/Content/Levels/my_first_level_BuiltData.uasset" 445
"../../../../../../Users/Kevin Chen/Documents/Unreal Projects/first_hour_project/Content/InfinityBladeGrassLands/Environments/Plains/Env_Plains_Statues/Textures/T_Plains_Angel_Statue_N.uasset" 446
"../../../../../../Users/Kevin Chen/Documents/Unreal Projects/first_hour_project/Content/InfinityBladeGrassLands/Environments/Plains/Env_Plains_Statues/Textures/T_Plains_Angel_Statue_D.uasset" 447
"../../../../../../Users/Kevin Chen/Documents/Unreal Projects/first_hour_project/Content/InfinityBladeGrassLands/Environments/Plains/Env_Plains_Statues/Materials/M_Plains_Angel_Statue.uasset" 448
"../../../../../../Users/Kevin Chen/Documents/Unreal Projects/first_hour_project/Content/InfinityBladeGrassLands/Environments/Plains/Env_Plains_Statues/StaticMesh/SM_Plains_Angel_Statue_01.uasset" 449
"../../../../../../Users/Kevin Chen/Documents/Unreal Projects/first_hour_project/Content/InfinityBladeGrassLands/Environments/Plains/Env_Plains_Ruins/Textures/T_Plains_ExtCastle_StoneWall_01_N.uasset" 450
"../../../../../../Users/Kevin Chen/Documents/Unreal Projects/first_hour_project/Content/InfinityBladeGrassLands/Environments/Plains/Env_Plains_Ruins/Textures/T_Plains_ExtCastle_StoneWall_01_D.uasset" 451
"../../../../../../Users/Kevin Chen/Documents/Unreal Projects/first_hour_project/Content/InfinityBladeGrassLands/Environments/Plains/Env_Plains_Ruins/Materials/M_Plains_StoneWall.uasset" 452
"../../../../../../Users/Kevin Chen/Documents/Unreal Projects/first_hour_project/Content/InfinityBladeGrassLands/Environments/Plains/Env_Plains_Ruins/Textures/T_Plains_Ruins_Pillars_N.uasset" 453
"../../../../../../Users/Kevin Chen/Documents/Unreal Projects/first_hour_project/Content/InfinityBladeGrassLands/Environments/Plains/Env_Plains_Ruins/Textures/T_Plains_Ruins_Pillars_M.uasset" 454
"../../../../../../Users/Kevin Chen/Documents/Unreal Projects/first_hour_project/Content/InfinityBladeGrassLands/Environments/Plains/Env_Plains_Ruins/Textures/T_Plains_Ruins_Pillars_D.uasset" 455
"../../../../../../Users/Kevin Chen/Documents/Unreal Projects/first_hour_project/Content/InfinityBladeGrassLands/Environments/Plains/Env_Plains_Ruins/Materials/M_Plains_Pillars.uasset" 456
"../../../../../../Users/Kevin Chen/Documents/Unreal Projects/first_hour_project/Content/InfinityBladeGrassLands/Environments/Plains/Env_Plains_Ruins/StaticMesh/SM_Plains_Wall_Straight_01.uasset" 457
"../../../../../../Users/Kevin Chen/Documents/Unreal Projects/first_hour_project/Content/InfinityBladeGrassLands/Environments/Plains/Env_Plains_Ruins/StaticMesh/SM_Plains_Wall_Curved_01.uasset" 458
"../../../../../../Users/Kevin Chen/Documents/Unreal Projects/first_hour_project/Content/StarterContent/Textures/T_Lamp_N.uasset" 459
"../../../../../../Users/Kevin Chen/Documents/Unreal Projects/first_hour_project/Content/StarterContent/Textures/T_Lamp_M.uasset" 460
"../../../../../../Users/Kevin Chen/Documents/Unreal Projects/first_hour_project/Content/StarterContent/Props/Materials/M_Lamp.uasset" 461
"../../../../../../Users/Kevin Chen/Documents/Unreal Projects/first_hour_project/Content/StarterContent/Props/SM_Lamp_Wall.uasset" 462
"../../../../../../Users/Kevin Chen/Documents/Unreal Projects/first_hour_project/Content/InfinityBladeGrassLands/Environments/Plains/Env_Plains_Ruins/StaticMesh/SM_Plains_CastleWall_Support_02.uasset" 463
"../../../../../../Users/Kevin Chen/Documents/Unreal Projects/first_hour_project/Content/InfinityBladeGrassLands/Environments/Plains/Env_Plains_Ruins/StaticMesh/SM_Plains_CastleWall_Ruin_03.uasset" 464
"../../../../../../Users/Kevin Chen/Documents/Unreal Projects/first_hour_project/Content/InfinityBladeGrassLands/Environments/Plains/Env_Plains_Ruins/StaticMesh/SM_Plains_CastleWall_Ruin_02.uasset" 465
"../../../Engine/Content/Functions/Engine_MaterialFunctions01/WorldPositionOffset/SimpleGrassWind.uasset" 466
"../../../../../../Users/Kevin Chen/Documents/Unreal Projects/first_hour_project/Content/InfinityBladeGrassLands/Environments/Plains/Env_Plains_Flora/Materials/M_PLains_Fern01.uasset" 467
"../../../../../../Users/Kevin Chen/Documents/Unreal Projects/first_hour_project/Content/InfinityBladeGrassLands/Environments/Plains/Env_Plains_Flora/StaticMesh/SM_Plains_Fern02.uasset" 468
"../../../../../../Users/Kevin Chen/Documents/Unreal Projects/first_hour_project/Content/InfinityBladeGrassLands/Environments/Plains/Env_Plains_Floors/StaticMesh/SM_Plains_Floors_Rubble05.uasset" 469
"../../../../../../Users/Kevin Chen/Documents/Unreal Projects/first_hour_project/Content/InfinityBladeGrassLands/Environments/Plains/Env_Plains_Floors/StaticMesh/SM_Plains_Floors_Rubble04.uasset" 470
"../../../../../../Users/Kevin Chen/Documents/Unreal Projects/first_hour_project/Content/InfinityBladeGrassLands/Environments/Plains/Env_Plains_Floors/StaticMesh/SM_Plains_Floors_Rubble02.uasset" 471
"../../../../../../Users/Kevin Chen/Documents/Unreal Projects/first_hour_project/Content/InfinityBladeGrassLands/Environments/Plains/Env_Plains_Floors/StaticMesh/SM_Plains_Floors_Rubble.uasset" 472
"../../../../../../Users/Kevin Chen/Documents/Unreal Projects/first_hour_project/Content/InfinityBladeGrassLands/Environments/Plains/Env_Plains_Floors/StaticMesh/SM_Plains_Floors_Block02_Broken.uasset" 473
"../../../../../../Users/Kevin Chen/Documents/Unreal Projects/first_hour_project/Content/InfinityBladeGrassLands/Environments/Plains/Env_Plains_Floors/StaticMesh/SM_Plains_Floors_Block02.uasset" 474
"../../../../../../Users/Kevin Chen/Documents/Unreal Projects/first_hour_project/Content/InfinityBladeGrassLands/Environments/Plains/Env_Plains_Organic/StaticMesh/SM_Plains_LargeRock_SpireLOD.uasset" 475
"../../../../../../Users/Kevin Chen/Documents/Unreal Projects/first_hour_project/Content/InfinityBladeGrassLands/Environments/Plains/Env_Plains_Organic/Textures/T_Plains_Cliff01.uasset" 476
"../../../../../../Users/Kevin Chen/Documents/Unreal Projects/first_hour_project/Content/InfinityBladeGrassLands/Environments/Plains/Env_Plains_Organic/Textures/T_Plains_Cliff001.uasset" 477
"../../../../../../Users/Kevin Chen/Documents/Unreal Projects/first_hour_project/Content/InfinityBladeGrassLands/Environments/Plains/Env_Plains_Organic/Materials/M_Plains_Cliff1.uasset" 478
"../../../../../../Users/Kevin Chen/Documents/Unreal Projects/first_hour_project/Content/InfinityBladeGrassLands/Environments/Plains/Env_Plains_Organic/StaticMesh/SM_Plains_LargeRock_CliffEdge.uasset" 479
"../../../../../../Users/Kevin Chen/Documents/Unreal Projects/first_hour_project/Content/InfinityBladeGrassLands/Environments/Plains/Env_Plains_Organic/StaticMesh/SM_Plains_LargeRock03.uasset" 480
"../../../../../../Users/Kevin Chen/Documents/Unreal Projects/first_hour_project/Content/InfinityBladeGrassLands/Environments/Plains/Env_Plains_Organic/StaticMesh/SM_Plains_LargeRock02.uasset" 481
"../../../../../../Users/Kevin Chen/Documents/Unreal Projects/first_hour_project/Content/InfinityBladeGrassLands/Environments/Plains/Env_Plains_Organic/StaticMesh/SM_Plains_LargeRock01.uasset" 482
"../../../../../../Users/Kevin Chen/Documents/Unreal Projects/first_hour_project/Content/InfinityBladeGrassLands/Environments/Plains/Env_Plains_Organic/Textures/T_Plains_Ground01_N.uasset" 483
"../../../../../../Users/Kevin Chen/Documents/Unreal Projects/first_hour_project/Content/InfinityBladeGrassLands/Environments/Plains/Env_Plains_Organic/Textures/T_Plains_Ground01_D.uasset" 484
"../../../../../../Users/Kevin Chen/Documents/Unreal Projects/first_hour_project/Content/InfinityBladeGrassLands/Environments/Plains/Env_Plains_Organic/Materials/M_Plains_GroundBrick.uasset" 485
"../../../../../../Users/Kevin Chen/Documents/Unreal Projects/first_hour_project/Content/InfinityBladeGrassLands/Environments/Plains/Env_Plains_Organic/StaticMesh/SM_Plains_GroundBrick01.uasset" 486
"../../../../../../Users/Kevin Chen/Documents/Unreal Projects/first_hour_project/Content/InfinityBladeGrassLands/Environments/Plains/Env_Plains_Flora/StaticMesh/SM_Plains_Vine02.uasset" 487
"../../../../../../Users/Kevin Chen/Documents/Unreal Projects/first_hour_project/Content/InfinityBladeGrassLands/Environments/Plains/Env_Plains_Flora/StaticMesh/SM_Plains_Vine01.uasset" 488
"../../../../../../Users/Kevin Chen/Documents/Unreal Projects/first_hour_project/Content/InfinityBladeGrassLands/Environments/Plains/Env_Plains_Flora/StaticMesh/SM_Plains_Tree_Branch02.uasset" 489
"../../../../../../Users/Kevin Chen/Documents/Unreal Projects/first_hour_project/Content/InfinityBladeGrassLands/Environments/Plains/Env_Plains_Flora/StaticMesh/SM_Plains_Tree_Branch01.uasset" 490
"../../../../../../Users/Kevin Chen/Documents/Unreal Projects/first_hour_project/Content/InfinityBladeGrassLands/Environments/Plains/Env_Plains_Flora/StaticMesh/SM_Plains_Tree01.uasset" 491
"../../../../../../Users/Kevin Chen/Documents/Unreal Projects/first_hour_project/Content/InfinityBladeGrassLands/Environments/Misc/Exo_Deco02/Textures/T_Decos_Door_N.uasset" 492
"../../../../../../Users/Kevin Chen/Documents/Unreal Projects/first_hour_project/Content/InfinityBladeGrassLands/Environments/Misc/Exo_Deco02/Textures/T_Decos_Door_M.uasset" 493
"../../../../../../Users/Kevin Chen/Documents/Unreal Projects/first_hour_project/Content/InfinityBladeGrassLands/Environments/Misc/Exo_Deco02/Textures/T_Decos_Door_D.uasset" 494
"../../../../../../Users/Kevin Chen/Documents/Unreal Projects/first_hour_project/Content/InfinityBladeGrassLands/Environments/Misc/Exo_Deco02/Materials/M_Decos_Door.uasset" 495
"../../../../../../Users/Kevin Chen/Documents/Unreal Projects/first_hour_project/Content/InfinityBladeGrassLands/Environments/Misc/Exo_Deco02/StaticMesh/SM_Exo_Decos_Door01.uasset" 496
"../../../../../../Users/Kevin Chen/Documents/Unreal Projects/first_hour_project/Content/InfinityBladeGrassLands/Environments/Misc/Exo_Deco02/Textures/T_Tile_Floor_Broken_D_NRM.uasset" 497
"../../../../../../Users/Kevin Chen/Documents/Unreal Projects/first_hour_project/Content/InfinityBladeGrassLands/Environments/Misc/Exo_Deco02/Textures/T_Tile_Floor_Broken_D.uasset" 498
"../../../../../../Users/Kevin Chen/Documents/Unreal Projects/first_hour_project/Content/InfinityBladeGrassLands/Environments/Misc/Exo_Deco02/Materials/M_Tile_Floor_Broken_Tex_A.uasset" 499
"../../../../../../Users/Kevin Chen/Documents/Unreal Projects/first_hour_project/Content/InfinityBladeGrassLands/Environments/Misc/Exo_Deco02/StaticMesh/SM_Exo_Bridge_Tile_Floor.uasset" 500
"../../../../../../Users/Kevin Chen/Documents/Unreal Projects/first_hour_project/Content/InfinityBladeGrassLands/Environments/Earth/Textures/T_Plants_N.uasset" 501
"../../../../../../Users/Kevin Chen/Documents/Unreal Projects/first_hour_project/Content/InfinityBladeGrassLands/Environments/Earth/Textures/T_Plants_D.uasset" 502
"../../../../../../Users/Kevin Chen/Documents/Unreal Projects/first_hour_project/Content/InfinityBladeGrassLands/Environments/Earth/Materials/M_Exo_Generic_Plants.uasset" 503
"../../../../../../Users/Kevin Chen/Documents/Unreal Projects/first_hour_project/Content/InfinityBladeGrassLands/Environments/Earth/StaticMesh/SM_SmallTree02.uasset" 504
"../../../../../../Users/Kevin Chen/Documents/Unreal Projects/first_hour_project/Content/InfinityBladeGrassLands/Environments/Earth/Textures/T_TreeBase1_N.uasset" 505
"../../../../../../Users/Kevin Chen/Documents/Unreal Projects/first_hour_project/Content/InfinityBladeGrassLands/Environments/Earth/Textures/T_TreeBase1_D.uasset" 506
"../../../../../../Users/Kevin Chen/Documents/Unreal Projects/first_hour_project/Content/InfinityBladeGrassLands/Environments/Earth/Materials/M_TreeBark.uasset" 507
"../../../../../../Users/Kevin Chen/Documents/Unreal Projects/first_hour_project/Content/InfinityBladeGrassLands/Environments/Earth/StaticMesh/SM_Rootcluster_A.uasset" 508
"../../../../../../Users/Kevin Chen/Documents/Unreal Projects/first_hour_project/Content/InfinityBladeGrassLands/Environments/Earth/Textures/T_BranchTrunk_D.uasset" 509
"../../../../../../Users/Kevin Chen/Documents/Unreal Projects/first_hour_project/Content/InfinityBladeGrassLands/Environments/Earth/Materials/M_LeavesPile.uasset" 510
"../../../../../../Users/Kevin Chen/Documents/Unreal Projects/first_hour_project/Content/InfinityBladeGrassLands/Environments/Earth/StaticMesh/SM_LeavePiles_02.uasset" 511
"../../../../../../Users/Kevin Chen/Documents/Unreal Projects/first_hour_project/Content/InfinityBladeGrassLands/Environments/Earth/StaticMesh/SM_LeavePiles_01.uasset" 512
"../../../../../../Users/Kevin Chen/Documents/Unreal Projects/first_hour_project/Content/Levels/my_first_level.umap" 513
